<?xml version="1.0" encoding="UTF-8"?>
<!-- Generated by org.testng.reporters.JUnitReportReporter -->
<testsuite hostname="DESKTOP-DG4NUTJ" failures="0" tests="1" name="RAPID.NewTest" time="37.412" errors="0" timestamp="2022-01-23T21:53:34 IST" skipped="0">
  <testcase classname="RAPID.NewTest" name="f" time="37.412"/>
  <system-out/>
</testsuite> <!-- RAPID.NewTest -->
