<?xml version="1.0" encoding="UTF-8"?>
<!-- Generated by org.testng.reporters.JUnitReportReporter -->
<testsuite hostname="DESKTOP-DG4NUTJ" failures="0" tests="1" name="RAPID.NewTest" time="17.197" errors="0" timestamp="2022-01-23T20:48:45 IST" skipped="0">
  <testcase classname="RAPID.NewTest" name="f" time="17.197"/>
  <system-out/>
</testsuite> <!-- RAPID.NewTest -->
