<?xml version="1.0" encoding="UTF-8"?>
<!-- Generated by org.testng.reporters.JUnitReportReporter -->
<testsuite hostname="DESKTOP-DG4NUTJ" failures="0" tests="1" name="RAPID.NewTest" time="77.888" errors="0" timestamp="2022-01-16T18:32:30 IST" skipped="0">
  <testcase classname="RAPID.NewTest" name="f" time="77.888"/>
  <system-out/>
</testsuite> <!-- RAPID.NewTest -->
