<?xml version="1.0" encoding="UTF-8"?>
<!-- Generated by org.testng.reporters.JUnitReportReporter -->
<testsuite hostname="DESKTOP-DG4NUTJ" failures="0" tests="1" name="RAPID.NewTest" time="71.144" errors="0" timestamp="2022-01-16T20:39:20 IST" skipped="0">
  <testcase classname="RAPID.NewTest" name="f" time="71.144"/>
  <system-out/>
</testsuite> <!-- RAPID.NewTest -->
