<?xml version="1.0" encoding="UTF-8"?>
<!-- Generated by org.testng.reporters.JUnitReportReporter -->
<testsuite hostname="DESKTOP-DG4NUTJ" failures="0" tests="1" name="RAPID.NewTest" time="47.114" errors="0" timestamp="2022-01-23T20:43:37 IST" skipped="0">
  <testcase classname="RAPID.NewTest" name="f" time="47.114"/>
  <system-out/>
</testsuite> <!-- RAPID.NewTest -->
