<?xml version="1.0" encoding="UTF-8"?>
<!-- Generated by org.testng.reporters.JUnitReportReporter -->
<testsuite hostname="DESKTOP-DG4NUTJ" failures="0" tests="2" name="RAPID.NewTest" time="67.003" errors="0" timestamp="2022-01-23T20:34:15 IST" skipped="0">
  <testcase classname="RAPID.NewTest" name="f" time="57.146"/>
  <system-out/>
  <testcase classname="RAPID.NewTest" name="signup" time="9.857"/>
  <system-out/>
</testsuite> <!-- RAPID.NewTest -->
