<?xml version="1.0" encoding="UTF-8"?>
<!-- Generated by org.testng.reporters.JUnitReportReporter -->
<testsuite hostname="DESKTOP-DG4NUTJ" failures="0" tests="1" name="RAPID.pop" time="28.642" errors="0" timestamp="2022-01-16T20:18:13 IST" skipped="0">
  <testcase classname="RAPID.pop" name="f" time="28.642"/>
  <system-out/>
</testsuite> <!-- RAPID.pop -->
